Loading checkpoint shards:   0%|          | 0/4 [00:00<?, ?it/s]Loading checkpoint shards:  25%|██▌       | 1/4 [00:00<00:01,  2.35it/s]Loading checkpoint shards:  50%|█████     | 2/4 [00:00<00:00,  2.46it/s]Loading checkpoint shards:  75%|███████▌  | 3/4 [00:01<00:00,  2.50it/s]Loading checkpoint shards: 100%|██████████| 4/4 [00:01<00:00,  2.62it/s]Loading checkpoint shards: 100%|██████████| 4/4 [00:01<00:00,  2.55it/s]
Special tokens have been added in the vocabulary, make sure the associated word embeddings are fine-tuned or trained.
INFO:sentence_transformers.SentenceTransformer:Load pretrained SentenceTransformer: BAAI/bge-small-en-v1.5
Load pretrained SentenceTransformer: BAAI/bge-small-en-v1.5
/home/intel/miniforge3/envs/turborag/lib/python3.10/site-packages/huggingface_hub/file_download.py:1132: FutureWarning: `resume_download` is deprecated and will be removed in version 1.0.0. Downloads always resume when possible. If you want to force a new download, use `force_download=True`.
  warnings.warn(
INFO:sentence_transformers.SentenceTransformer:2 prompts are loaded, with the keys: ['query', 'text']
2 prompts are loaded, with the keys: ['query', 'text']
INFO:llama_index.core.indices.loading:Loading all indices.
Loading all indices.
USE_CHUNK_CACHE=reordered_positions
Batches:   0%|          | 0/1 [00:00<?, ?it/s]Batches: 100%|██████████| 1/1 [00:00<00:00,  7.61it/s]Batches: 100%|██████████| 1/1 [00:00<00:00,  7.60it/s]
/home/intel/miniforge3/envs/turborag/lib/python3.10/site-packages/transformers/generation/configuration_utils.py:492: UserWarning: `do_sample` is set to `False`. However, `temperature` is set to `0.7` -- this flag is only used in sample-based generation modes. You should set `do_sample=True` or unset `temperature`.
  warnings.warn(
/home/intel/miniforge3/envs/turborag/lib/python3.10/site-packages/transformers/generation/configuration_utils.py:497: UserWarning: `do_sample` is set to `False`. However, `top_p` is set to `0.8` -- this flag is only used in sample-based generation modes. You should set `do_sample=True` or unset `top_p`.
  warnings.warn(
/home/intel/miniforge3/envs/turborag/lib/python3.10/site-packages/transformers/generation/configuration_utils.py:509: UserWarning: `do_sample` is set to `False`. However, `top_k` is set to `20` -- this flag is only used in sample-based generation modes. You should set `do_sample=True` or unset `top_k`.
  warnings.warn(
The `seen_tokens` attribute is deprecated and will be removed in v4.41. Use the `cache_position` model input instead.
prefix_ids len=88
chunk_token_count_list = [88, 524, 62, 524, 524, 426, 80, 311, 499, 524, 522], chunk sum (except prefix) = 4084
query_ids = 11
chunk_str_ids = 4084
input_ids = 4101
type past_kvcache = <class 'tuple'>
query:Who is the music director of the Quebec Symphony Orchestra?
outputs:Based on the information provided in the given text, the music director of the Quebec Symphony Orchestra is Fabien Gabel. However, the text specifically mentions that Fabien Gabel is the music director of the Quebec Symphony Orchestra, but he is visiting the San Francisco Symphony for a performance. The relevant sentence from the text is: "Michael Tilson Thomas, BSc’65, MSc’68, PhD’77, first joined McGill as a professor in the Faculty of Management in
Batches:   0%|          | 0/1 [00:00<?, ?it/s]Batches: 100%|██████████| 1/1 [00:00<00:00,  8.22it/s]Batches: 100%|██████████| 1/1 [00:00<00:00,  8.21it/s]
prefix_ids len=88
chunk_token_count_list = [88, 427, 313, 366, 158, 198, 425, 523, 524, 522, 283], chunk sum (except prefix) = 3827
query_ids = 17
chunk_str_ids = 3827
input_ids = 3850
type past_kvcache = <class 'tuple'>
query:Who were the four students of the University of Port Harcourt that were allegedly murdered?
outputs:There seems to be a misunderstanding in the question. The document mentions that four students from the University of Port Harcourt were not murdered. Instead, it talks about the murder of four students from the University of Port Harcourt, which is actually the University of Port Harcourt, not the University of Port Harcourt. These four students, Chiadika Lordson, Ugonna Kelechi Obusor, Mike Lloyd Toku, and Tekena Elkanah, were allegedly murdered by the
Batches:   0%|          | 0/1 [00:00<?, ?it/s]Batches: 100%|██████████| 1/1 [00:00<00:00, 18.16it/s]
prefix_ids len=88
chunk_token_count_list = [88, 524, 522, 523, 480, 343, 86, 100, 523, 451, 170], chunk sum (except prefix) = 3810
query_ids = 14
chunk_str_ids = 3810
input_ids = 3830
type past_kvcache = <class 'tuple'>
query:What did Paul Wall offer to all U.S. Olympic Medalists?
outputs:According to the passage, Paul Wall offered to give free gold grills to all U.S. Olympic Medalists. Specifically, the text states: "Paul Wall wants to give free gold grills to all U.S. Olympic Medalists."
Batches:   0%|          | 0/1 [00:00<?, ?it/s]Batches: 100%|██████████| 1/1 [00:00<00:00, 97.34it/s]
prefix_ids len=88
chunk_token_count_list = [88, 381, 524, 524, 524, 524, 236, 524, 239, 524, 438], chunk sum (except prefix) = 4526
query_ids = 17
chunk_str_ids = 4526
input_ids = 4549
type past_kvcache = <class 'tuple'>
query:What are the main agricultural products that African countries export to the rest of the world?
outputs:According to the passage, African countries mainly export the following agricultural products to the rest of the world: cocoa, edible fruit and nuts, coffee, tea, and vegetables.
USE_CHUNK_CACHE=false
Batches:   0%|          | 0/1 [00:00<?, ?it/s]Batches: 100%|██████████| 1/1 [00:00<00:00, 20.60it/s]
